<?xml version="1.0" encoding="UTF-8"?>
<!-- Generated by org.testng.reporters.JUnitReportReporter -->
<testsuite skipped="0" hostname="DESKTOP-486PSI0" name="G.test" tests="7" failures="0" timestamp="05 Feb 2024 12:34:40 GMT" time="48.152" errors="0">
  <testcase name="navigate_to_loginpage" time="9.932" classname="G.test"/>
  <testcase name="Verify_product_page" time="31.955" classname="G.test"/>
  <testcase name="Verify_product_details_page" time="3.466" classname="G.test"/>
  <testcase name="click_on_checkout_button" time="0.634" classname="G.test"/>
  <testcase name="Enter_details" time="0.997" classname="G.test"/>
  <testcase name="Click_on_finish" time="1.109" classname="G.test"/>
  <testcase name="Verify_Thank_you_for_your_order_Message" time="0.059" classname="G.test"/>
</testsuite> <!-- G.test -->
